<?xml version="1.0" encoding="UTF-8"?>
<!-- Generated by org.testng.reporters.JUnitReportReporter -->
<testsuite hostname="insaikrisv-2.local" name="com.test.sample.Sample2Test" tests="4" failures="0" timestamp="29 Nov 2017 06:02:29 GMT" time="0.658" errors="0">
  <testcase name="testApp7" time="0.447" classname="com.test.sample.Sample2Test"/>
  <testcase name="testApp6" time="0.078" classname="com.test.sample.Sample2Test"/>
  <testcase name="testApp4" time="0.061" classname="com.test.sample.Sample2Test"/>
  <testcase name="testApp5" time="0.072" classname="com.test.sample.Sample2Test"/>
</testsuite> <!-- com.test.sample.Sample2Test -->
