<?xml version="1.0" encoding="UTF-8"?>
<!-- Generated by org.testng.reporters.JUnitReportReporter -->
<testsuite hostname="insaikrisv-2.local" name="com.test.sample.Runner" tests="1" failures="0" timestamp="29 Nov 2017 06:02:29 GMT" time="1.291" errors="0">
  <testcase name="testReports" time="1.291" classname="com.test.sample.Runner"/>
</testsuite> <!-- com.test.sample.Runner -->
